<?xml version="1.0" encoding="UTF-8"?>
<!-- Generated by org.testng.reporters.JUnitReportReporter -->
<testsuite hostname="Aiswarya" failures="0" tests="7" name="signInPage.SignInPgTest" time="18.421" errors="0" timestamp="2026-09-15T12:44:24 IST" skipped="0">
  <testcase classname="signInPage.SignInPgTest" name="userRegistration" time="2.564"/>
  <testcase classname="signInPage.SignInPgTest" name="userRegistration" time="5.903"/>
  <testcase classname="signInPage.SignInPgTest" name="userLogin" time="1.727"/>
  <testcase classname="signInPage.SignInPgTest" name="userLogin" time="0.884"/>
  <testcase classname="signInPage.SignInPgTest" name="userLogin" time="1.723"/>
  <testcase classname="signInPage.SignInPgTest" name="userLogin" time="0.844"/>
  <testcase classname="signInPage.SignInPgTest" name="userLogin" time="4.776"/>
</testsuite> <!-- signInPage.SignInPgTest -->
