<?xml version="1.0" encoding="UTF-8"?>
<!-- Generated by org.testng.reporters.JUnitReportReporter -->
<testsuite hostname="Aiswarya" failures="0" tests="8" name="registrationPage.RegistrationPgTest" time="31.880" errors="0" timestamp="2026-09-15T12:44:24 IST" skipped="0">
  <testcase classname="registrationPage.RegistrationPgTest" name="userRegistration" time="16.825"/>
  <testcase classname="registrationPage.RegistrationPgTest" name="userRegistration" time="1.626"/>
  <testcase classname="registrationPage.RegistrationPgTest" name="userRegistration" time="2.689"/>
  <testcase classname="registrationPage.RegistrationPgTest" name="userRegistration" time="1.893"/>
  <testcase classname="registrationPage.RegistrationPgTest" name="userRegistration" time="2.363"/>
  <testcase classname="registrationPage.RegistrationPgTest" name="userRegistration" time="2.027"/>
  <testcase classname="registrationPage.RegistrationPgTest" name="userRegistration" time="2.132"/>
  <testcase classname="registrationPage.RegistrationPgTest" name="userRegistration" time="2.325"/>
</testsuite> <!-- registrationPage.RegistrationPgTest -->
